::1 - - [16/Sep/2018:20:47:16 -0500] "GET / HTTP/1.1" 404 290 "-" "Mozilla/5.0 (Windows NT 10.0; Win64; x64) AppleWebKit/537.36 (KHTML, like Gecko) Chrome/69.0.3497.92 Safari/537.36"
::1 - - [16/Sep/2018:20:47:17 -0500] "GET /favicon.ico HTTP/1.1" 404 301 "http://laravel.localhost/" "Mozilla/5.0 (Windows NT 10.0; Win64; x64) AppleWebKit/537.36 (KHTML, like Gecko) Chrome/69.0.3497.92 Safari/537.36"
::1 - - [16/Sep/2018:20:47:20 -0500] "GET / HTTP/1.1" 404 290 "-" "Mozilla/5.0 (Windows NT 10.0; Win64; x64) AppleWebKit/537.36 (KHTML, like Gecko) Chrome/69.0.3497.92 Safari/537.36"
::1 - - [16/Sep/2018:20:49:11 -0500] "GET / HTTP/1.1" 200 2321 "-" "Mozilla/5.0 (Windows NT 10.0; Win64; x64) AppleWebKit/537.36 (KHTML, like Gecko) Chrome/69.0.3497.92 Safari/537.36"
::1 - - [16/Sep/2018:21:18:16 -0500] "GET / HTTP/1.1" 200 2321 "-" "Mozilla/5.0 (Windows NT 10.0; Win64; x64) AppleWebKit/537.36 (KHTML, like Gecko) Chrome/69.0.3497.92 Safari/537.36"
::1 - - [16/Sep/2018:22:06:52 -0500] "GET /products HTTP/1.1" 404 298 "-" "Mozilla/5.0 (Windows NT 10.0; Win64; x64) AppleWebKit/537.36 (KHTML, like Gecko) Chrome/69.0.3497.92 Safari/537.36"
::1 - - [16/Sep/2018:22:14:44 -0500] "GET /products HTTP/1.1" 404 298 "-" "Mozilla/5.0 (Windows NT 10.0; Win64; x64) AppleWebKit/537.36 (KHTML, like Gecko) Chrome/69.0.3497.92 Safari/537.36"
::1 - - [16/Sep/2018:23:00:19 -0500] "GET /products HTTP/1.1" 404 298 "-" "Mozilla/5.0 (Windows NT 10.0; Win64; x64) AppleWebKit/537.36 (KHTML, like Gecko) Chrome/69.0.3497.92 Safari/537.36"
::1 - - [16/Sep/2018:23:00:21 -0500] "GET /products HTTP/1.1" 404 298 "-" "Mozilla/5.0 (Windows NT 10.0; Win64; x64) AppleWebKit/537.36 (KHTML, like Gecko) Chrome/69.0.3497.92 Safari/537.36"
::1 - - [16/Sep/2018:23:00:22 -0500] "GET /products HTTP/1.1" 404 298 "-" "Mozilla/5.0 (Windows NT 10.0; Win64; x64) AppleWebKit/537.36 (KHTML, like Gecko) Chrome/69.0.3497.92 Safari/537.36"
::1 - - [16/Sep/2018:23:00:25 -0500] "GET / HTTP/1.1" 200 2321 "-" "Mozilla/5.0 (Windows NT 10.0; Win64; x64) AppleWebKit/537.36 (KHTML, like Gecko) Chrome/69.0.3497.92 Safari/537.36"
::1 - - [16/Sep/2018:23:00:48 -0500] "GET /products HTTP/1.1" 404 298 "-" "Mozilla/5.0 (Windows NT 10.0; Win64; x64) AppleWebKit/537.36 (KHTML, like Gecko) Chrome/69.0.3497.92 Safari/537.36"
::1 - - [16/Sep/2018:23:00:51 -0500] "GET /product HTTP/1.1" 404 297 "-" "Mozilla/5.0 (Windows NT 10.0; Win64; x64) AppleWebKit/537.36 (KHTML, like Gecko) Chrome/69.0.3497.92 Safari/537.36"
::1 - - [16/Sep/2018:23:01:10 -0500] "GET /products HTTP/1.1" 404 298 "-" "Mozilla/5.0 (Windows NT 10.0; Win64; x64) AppleWebKit/537.36 (KHTML, like Gecko) Chrome/69.0.3497.92 Safari/537.36"
::1 - - [16/Sep/2018:23:01:16 -0500] "GET /Products HTTP/1.1" 404 298 "-" "Mozilla/5.0 (Windows NT 10.0; Win64; x64) AppleWebKit/537.36 (KHTML, like Gecko) Chrome/69.0.3497.92 Safari/537.36"
::1 - - [16/Sep/2018:23:01:47 -0500] "GET /products HTTP/1.1" 404 298 "-" "Mozilla/5.0 (Windows NT 10.0; Win64; x64) AppleWebKit/537.36 (KHTML, like Gecko) Chrome/69.0.3497.92 Safari/537.36"
::1 - - [16/Sep/2018:23:04:01 -0500] "GET /products HTTP/1.1" 404 298 "-" "Mozilla/5.0 (Windows NT 10.0; Win64; x64) AppleWebKit/537.36 (KHTML, like Gecko) Chrome/69.0.3497.92 Safari/537.36"
::1 - - [16/Sep/2018:23:04:02 -0500] "GET /products HTTP/1.1" 404 298 "-" "Mozilla/5.0 (Windows NT 10.0; Win64; x64) AppleWebKit/537.36 (KHTML, like Gecko) Chrome/69.0.3497.92 Safari/537.36"
::1 - - [16/Sep/2018:23:04:03 -0500] "GET /products HTTP/1.1" 404 298 "-" "Mozilla/5.0 (Windows NT 10.0; Win64; x64) AppleWebKit/537.36 (KHTML, like Gecko) Chrome/69.0.3497.92 Safari/537.36"
::1 - - [16/Sep/2018:23:04:03 -0500] "GET /products HTTP/1.1" 404 298 "-" "Mozilla/5.0 (Windows NT 10.0; Win64; x64) AppleWebKit/537.36 (KHTML, like Gecko) Chrome/69.0.3497.92 Safari/537.36"
::1 - - [16/Sep/2018:23:04:03 -0500] "GET /products HTTP/1.1" 404 298 "-" "Mozilla/5.0 (Windows NT 10.0; Win64; x64) AppleWebKit/537.36 (KHTML, like Gecko) Chrome/69.0.3497.92 Safari/537.36"
::1 - - [16/Sep/2018:23:04:03 -0500] "GET /products HTTP/1.1" 404 298 "-" "Mozilla/5.0 (Windows NT 10.0; Win64; x64) AppleWebKit/537.36 (KHTML, like Gecko) Chrome/69.0.3497.92 Safari/537.36"
::1 - - [16/Sep/2018:23:04:04 -0500] "GET /products HTTP/1.1" 404 298 "-" "Mozilla/5.0 (Windows NT 10.0; Win64; x64) AppleWebKit/537.36 (KHTML, like Gecko) Chrome/69.0.3497.92 Safari/537.36"
::1 - - [16/Sep/2018:23:04:05 -0500] "GET /products HTTP/1.1" 404 298 "-" "Mozilla/5.0 (Windows NT 10.0; Win64; x64) AppleWebKit/537.36 (KHTML, like Gecko) Chrome/69.0.3497.92 Safari/537.36"
::1 - - [16/Sep/2018:23:05:01 -0500] "GET /products HTTP/1.1" 404 298 "-" "Mozilla/5.0 (Windows NT 10.0; Win64; x64) AppleWebKit/537.36 (KHTML, like Gecko) Chrome/69.0.3497.92 Safari/537.36"
::1 - - [16/Sep/2018:23:05:05 -0500] "GET / HTTP/1.1" 200 15795 "-" "Mozilla/5.0 (Windows NT 10.0; Win64; x64) AppleWebKit/537.36 (KHTML, like Gecko) Chrome/69.0.3497.92 Safari/537.36"
::1 - - [16/Sep/2018:23:06:10 -0500] "GET /api/user HTTP/1.1" 404 298 "-" "Mozilla/5.0 (Windows NT 10.0; Win64; x64) AppleWebKit/537.36 (KHTML, like Gecko) Chrome/69.0.3497.92 Safari/537.36"
::1 - - [16/Sep/2018:23:06:17 -0500] "GET /products HTTP/1.1" 404 298 "-" "Mozilla/5.0 (Windows NT 10.0; Win64; x64) AppleWebKit/537.36 (KHTML, like Gecko) Chrome/69.0.3497.92 Safari/537.36"
::1 - - [16/Sep/2018:23:07:02 -0500] "GET /dev HTTP/1.1" 404 293 "-" "Mozilla/5.0 (Windows NT 10.0; Win64; x64) AppleWebKit/537.36 (KHTML, like Gecko) Chrome/69.0.3497.92 Safari/537.36"
::1 - - [16/Sep/2018:23:07:06 -0500] "GET / HTTP/1.1" 200 2321 "-" "Mozilla/5.0 (Windows NT 10.0; Win64; x64) AppleWebKit/537.36 (KHTML, like Gecko) Chrome/69.0.3497.92 Safari/537.36"
::1 - - [16/Sep/2018:23:08:59 -0500] "GET / HTTP/1.1" 200 2321 "-" "Mozilla/5.0 (Windows NT 10.0; Win64; x64) AppleWebKit/537.36 (KHTML, like Gecko) Chrome/69.0.3497.92 Safari/537.36"
::1 - - [16/Sep/2018:23:09:07 -0500] "GET /productos HTTP/1.1" 404 10239 "-" "Mozilla/5.0 (Windows NT 10.0; Win64; x64) AppleWebKit/537.36 (KHTML, like Gecko) Chrome/69.0.3497.92 Safari/537.36"
::1 - - [16/Sep/2018:23:09:07 -0500] "GET /svg/404.svg HTTP/1.1" 200 4351 "http://laravel.localhost/productos" "Mozilla/5.0 (Windows NT 10.0; Win64; x64) AppleWebKit/537.36 (KHTML, like Gecko) Chrome/69.0.3497.92 Safari/537.36"
::1 - - [16/Sep/2018:23:09:13 -0500] "GET /products HTTP/1.1" 500 590379 "-" "Mozilla/5.0 (Windows NT 10.0; Win64; x64) AppleWebKit/537.36 (KHTML, like Gecko) Chrome/69.0.3497.92 Safari/537.36"
::1 - - [16/Sep/2018:23:09:35 -0500] "GET /products HTTP/1.1" 500 630114 "-" "Mozilla/5.0 (Windows NT 10.0; Win64; x64) AppleWebKit/537.36 (KHTML, like Gecko) Chrome/69.0.3497.92 Safari/537.36"
::1 - - [16/Sep/2018:23:09:44 -0500] "GET /products HTTP/1.1" 200 1137 "-" "Mozilla/5.0 (Windows NT 10.0; Win64; x64) AppleWebKit/537.36 (KHTML, like Gecko) Chrome/69.0.3497.92 Safari/537.36"
::1 - - [16/Sep/2018:23:09:47 -0500] "GET /products/create HTTP/1.1" 200 - "http://laravel.localhost/products" "Mozilla/5.0 (Windows NT 10.0; Win64; x64) AppleWebKit/537.36 (KHTML, like Gecko) Chrome/69.0.3497.92 Safari/537.36"
::1 - - [16/Sep/2018:23:12:35 -0500] "GET /products/create HTTP/1.1" 500 599899 "http://laravel.localhost/products" "Mozilla/5.0 (Windows NT 10.0; Win64; x64) AppleWebKit/537.36 (KHTML, like Gecko) Chrome/69.0.3497.92 Safari/537.36"
::1 - - [16/Sep/2018:23:14:32 -0500] "GET /products/create HTTP/1.1" 200 1760 "http://laravel.localhost/products" "Mozilla/5.0 (Windows NT 10.0; Win64; x64) AppleWebKit/537.36 (KHTML, like Gecko) Chrome/69.0.3497.92 Safari/537.36"
::1 - - [16/Sep/2018:23:14:44 -0500] "POST /products HTTP/1.1" 500 676925 "http://laravel.localhost/products/create" "Mozilla/5.0 (Windows NT 10.0; Win64; x64) AppleWebKit/537.36 (KHTML, like Gecko) Chrome/69.0.3497.92 Safari/537.36"
::1 - - [16/Sep/2018:23:15:42 -0500] "GET /products/create HTTP/1.1" 200 1761 "http://laravel.localhost/products" "Mozilla/5.0 (Windows NT 10.0; Win64; x64) AppleWebKit/537.36 (KHTML, like Gecko) Chrome/69.0.3497.92 Safari/537.36"
::1 - - [16/Sep/2018:23:15:45 -0500] "POST /products HTTP/1.1" 302 404 "http://laravel.localhost/products/create" "Mozilla/5.0 (Windows NT 10.0; Win64; x64) AppleWebKit/537.36 (KHTML, like Gecko) Chrome/69.0.3497.92 Safari/537.36"
::1 - - [16/Sep/2018:23:15:45 -0500] "GET /products/create HTTP/1.1" 200 1761 "http://laravel.localhost/products/create" "Mozilla/5.0 (Windows NT 10.0; Win64; x64) AppleWebKit/537.36 (KHTML, like Gecko) Chrome/69.0.3497.92 Safari/537.36"
::1 - - [16/Sep/2018:23:15:47 -0500] "GET /products HTTP/1.1" 200 1137 "http://laravel.localhost/products/create" "Mozilla/5.0 (Windows NT 10.0; Win64; x64) AppleWebKit/537.36 (KHTML, like Gecko) Chrome/69.0.3497.92 Safari/537.36"
::1 - - [16/Sep/2018:23:15:49 -0500] "GET /products HTTP/1.1" 200 1137 "http://laravel.localhost/products/create" "Mozilla/5.0 (Windows NT 10.0; Win64; x64) AppleWebKit/537.36 (KHTML, like Gecko) Chrome/69.0.3497.92 Safari/537.36"
::1 - - [16/Sep/2018:23:15:50 -0500] "GET /products/create HTTP/1.1" 200 1761 "http://laravel.localhost/products" "Mozilla/5.0 (Windows NT 10.0; Win64; x64) AppleWebKit/537.36 (KHTML, like Gecko) Chrome/69.0.3497.92 Safari/537.36"
::1 - - [16/Sep/2018:23:16:40 -0500] "GET /products/create HTTP/1.1" 200 1763 "http://laravel.localhost/products" "Mozilla/5.0 (Windows NT 10.0; Win64; x64) AppleWebKit/537.36 (KHTML, like Gecko) Chrome/69.0.3497.92 Safari/537.36"
::1 - - [16/Sep/2018:23:16:42 -0500] "POST /products HTTP/1.1" 302 376 "http://laravel.localhost/products/create" "Mozilla/5.0 (Windows NT 10.0; Win64; x64) AppleWebKit/537.36 (KHTML, like Gecko) Chrome/69.0.3497.92 Safari/537.36"
::1 - - [16/Sep/2018:23:16:42 -0500] "GET /products HTTP/1.1" 200 2103 "http://laravel.localhost/products/create" "Mozilla/5.0 (Windows NT 10.0; Win64; x64) AppleWebKit/537.36 (KHTML, like Gecko) Chrome/69.0.3497.92 Safari/537.36"
::1 - - [16/Sep/2018:23:21:43 -0500] "GET /products HTTP/1.1" 200 1991 "http://laravel.localhost/products/create" "Mozilla/5.0 (Windows NT 10.0; Win64; x64) AppleWebKit/537.36 (KHTML, like Gecko) Chrome/69.0.3497.92 Safari/537.36"
::1 - - [16/Sep/2018:23:33:11 -0500] "GET /products HTTP/1.1" 200 1991 "http://laravel.localhost/products/create" "Mozilla/5.0 (Windows NT 10.0; Win64; x64) AppleWebKit/537.36 (KHTML, like Gecko) Chrome/69.0.3497.92 Safari/537.36"
::1 - - [16/Sep/2018:23:33:13 -0500] "GET /products/1 HTTP/1.1" 200 1114 "http://laravel.localhost/products" "Mozilla/5.0 (Windows NT 10.0; Win64; x64) AppleWebKit/537.36 (KHTML, like Gecko) Chrome/69.0.3497.92 Safari/537.36"
::1 - - [16/Sep/2018:23:33:17 -0500] "GET /products/1/edit HTTP/1.1" 200 1842 "http://laravel.localhost/products" "Mozilla/5.0 (Windows NT 10.0; Win64; x64) AppleWebKit/537.36 (KHTML, like Gecko) Chrome/69.0.3497.92 Safari/537.36"
::1 - - [16/Sep/2018:23:33:30 -0500] "GET /products HTTP/1.1" 200 1995 "http://laravel.localhost/products/create" "Mozilla/5.0 (Windows NT 10.0; Win64; x64) AppleWebKit/537.36 (KHTML, like Gecko) Chrome/69.0.3497.92 Safari/537.36"
::1 - - [16/Sep/2018:23:33:32 -0500] "GET /products/1/edit HTTP/1.1" 200 1842 "http://laravel.localhost/products" "Mozilla/5.0 (Windows NT 10.0; Win64; x64) AppleWebKit/537.36 (KHTML, like Gecko) Chrome/69.0.3497.92 Safari/537.36"
::1 - - [16/Sep/2018:23:33:35 -0500] "GET /products/1 HTTP/1.1" 200 1114 "http://laravel.localhost/products" "Mozilla/5.0 (Windows NT 10.0; Win64; x64) AppleWebKit/537.36 (KHTML, like Gecko) Chrome/69.0.3497.92 Safari/537.36"
::1 - - [16/Sep/2018:23:34:05 -0500] "GET /products/1/edit HTTP/1.1" 200 1842 "http://laravel.localhost/products" "Mozilla/5.0 (Windows NT 10.0; Win64; x64) AppleWebKit/537.36 (KHTML, like Gecko) Chrome/69.0.3497.92 Safari/537.36"
::1 - - [16/Sep/2018:23:34:08 -0500] "POST /products/1 HTTP/1.1" 302 376 "http://laravel.localhost/products/1/edit" "Mozilla/5.0 (Windows NT 10.0; Win64; x64) AppleWebKit/537.36 (KHTML, like Gecko) Chrome/69.0.3497.92 Safari/537.36"
::1 - - [16/Sep/2018:23:34:08 -0500] "GET /products HTTP/1.1" 200 2109 "http://laravel.localhost/products/1/edit" "Mozilla/5.0 (Windows NT 10.0; Win64; x64) AppleWebKit/537.36 (KHTML, like Gecko) Chrome/69.0.3497.92 Safari/537.36"
::1 - - [16/Sep/2018:23:34:10 -0500] "POST /products/1 HTTP/1.1" 302 376 "http://laravel.localhost/products" "Mozilla/5.0 (Windows NT 10.0; Win64; x64) AppleWebKit/537.36 (KHTML, like Gecko) Chrome/69.0.3497.92 Safari/537.36"
::1 - - [16/Sep/2018:23:34:10 -0500] "GET /products HTTP/1.1" 200 1249 "http://laravel.localhost/products" "Mozilla/5.0 (Windows NT 10.0; Win64; x64) AppleWebKit/537.36 (KHTML, like Gecko) Chrome/69.0.3497.92 Safari/537.36"
::1 - - [16/Sep/2018:23:34:12 -0500] "GET /products/create HTTP/1.1" 200 1763 "http://laravel.localhost/products" "Mozilla/5.0 (Windows NT 10.0; Win64; x64) AppleWebKit/537.36 (KHTML, like Gecko) Chrome/69.0.3497.92 Safari/537.36"
::1 - - [16/Sep/2018:23:34:15 -0500] "POST /products HTTP/1.1" 302 376 "http://laravel.localhost/products/create" "Mozilla/5.0 (Windows NT 10.0; Win64; x64) AppleWebKit/537.36 (KHTML, like Gecko) Chrome/69.0.3497.92 Safari/537.36"
::1 - - [16/Sep/2018:23:34:15 -0500] "GET /products HTTP/1.1" 200 2106 "http://laravel.localhost/products/create" "Mozilla/5.0 (Windows NT 10.0; Win64; x64) AppleWebKit/537.36 (KHTML, like Gecko) Chrome/69.0.3497.92 Safari/537.36"
::1 - - [16/Sep/2018:23:34:25 -0500] "GET /products/create HTTP/1.1" 200 1763 "http://laravel.localhost/products" "Mozilla/5.0 (Windows NT 10.0; Win64; x64) AppleWebKit/537.36 (KHTML, like Gecko) Chrome/69.0.3497.92 Safari/537.36"
::1 - - [16/Sep/2018:23:34:26 -0500] "POST /products HTTP/1.1" 302 404 "http://laravel.localhost/products/create" "Mozilla/5.0 (Windows NT 10.0; Win64; x64) AppleWebKit/537.36 (KHTML, like Gecko) Chrome/69.0.3497.92 Safari/537.36"
::1 - - [16/Sep/2018:23:34:27 -0500] "GET /products/create HTTP/1.1" 200 1840 "http://laravel.localhost/products/create" "Mozilla/5.0 (Windows NT 10.0; Win64; x64) AppleWebKit/537.36 (KHTML, like Gecko) Chrome/69.0.3497.92 Safari/537.36"
::1 - - [16/Sep/2018:23:43:40 -0500] "GET /products HTTP/1.1" 200 1994 "http://laravel.localhost/products/create" "Mozilla/5.0 (Windows NT 10.0; Win64; x64) AppleWebKit/537.36 (KHTML, like Gecko) Chrome/69.0.3497.92 Safari/537.36"
::1 - - [16/Sep/2018:23:43:49 -0500] "GET /products/2/edit HTTP/1.1" 200 1841 "http://laravel.localhost/products" "Mozilla/5.0 (Windows NT 10.0; Win64; x64) AppleWebKit/537.36 (KHTML, like Gecko) Chrome/69.0.3497.92 Safari/537.36"
::1 - - [16/Sep/2018:23:43:51 -0500] "POST /products/2 HTTP/1.1" 302 376 "http://laravel.localhost/products/2/edit" "Mozilla/5.0 (Windows NT 10.0; Win64; x64) AppleWebKit/537.36 (KHTML, like Gecko) Chrome/69.0.3497.92 Safari/537.36"
::1 - - [16/Sep/2018:23:43:51 -0500] "GET /products HTTP/1.1" 200 2113 "http://laravel.localhost/products/2/edit" "Mozilla/5.0 (Windows NT 10.0; Win64; x64) AppleWebKit/537.36 (KHTML, like Gecko) Chrome/69.0.3497.92 Safari/537.36"
::1 - - [16/Sep/2018:23:53:06 -0500] "GET / HTTP/1.1" 200 2321 "-" "Mozilla/5.0 (Windows NT 10.0; Win64; x64) AppleWebKit/537.36 (KHTML, like Gecko) Chrome/69.0.3497.92 Safari/537.36"
::1 - - [16/Sep/2018:23:53:11 -0500] "GET / HTTP/1.1" 200 2321 "-" "Mozilla/5.0 (Windows NT 10.0; Win64; x64) AppleWebKit/537.36 (KHTML, like Gecko) Chrome/69.0.3497.92 Safari/537.36"
